# JRE version: OpenJDK Runtime Environment Homebrew (11.0.20.1) (build 11.0.20.1+0)
# Java VM: OpenJDK 64-Bit Server VM Homebrew (11.0.20.1+0, mixed mode, tiered, compressed oops, g1 gc, bsd-amd64)
Heap:
 garbage-first heap   total 157696K, used 71192K [0x0000000700000000, 0x0000000800000000)
  region size 1024K, 13 young (13312K), 6 survivors (6144K)
 Metaspace       used 71197K, capacity 73683K, committed 74032K, reserved 1114112K
  class space    used 8642K, capacity 9493K, committed 9600K, reserved 1048576K
GC Heap History (20 events):
Event: 26.416 GC heap before
{Heap before GC invocations=14 (full 0):
 garbage-first heap   total 157696K, used 113504K [0x0000000700000000, 0x0000000800000000)
  region size 1024K, 78 young (79872K), 9 survivors (9216K)
 Metaspace       used 61185K, capacity 62717K, committed 62896K, reserved 1103872K
  class space    used 7583K, capacity 8140K, committed 8192K, reserved 1048576K
}
Event: 26.429 GC heap after
{Heap after GC invocations=15 (full 0):
 garbage-first heap   total 157696K, used 44741K [0x0000000700000000, 0x0000000800000000)
  region size 1024K, 6 young (6144K), 6 survivors (6144K)
 Metaspace       used 61185K, capacity 62717K, committed 62896K, reserved 1103872K
  class space    used 7583K, capacity 8140K, committed 8192K, reserved 1048576K
}
Event: 26.762 GC heap before
{Heap before GC invocations=15 (full 0):
 garbage-first heap   total 157696K, used 117445K [0x0000000700000000, 0x0000000800000000)
  region size 1024K, 77 young (78848K), 6 survivors (6144K)
 Metaspace       used 61224K, capacity 62783K, committed 62896K, reserved 1103872K
  class space    used 7586K, capacity 8140K, committed 8192K, reserved 1048576K
}
Event: 26.769 GC heap after
{Heap after GC invocations=16 (full 0):
 garbage-first heap   total 157696K, used 44942K [0x0000000700000000, 0x0000000800000000)
  region size 1024K, 5 young (5120K), 5 survivors (5120K)
 Metaspace       used 61224K, capacity 62783K, committed 62896K, reserved 1103872K
  class space    used 7586K, capacity 8140K, committed 8192K, reserved 1048576K
}
Event: 27.569 GC heap before
{Heap before GC invocations=16 (full 0):
 garbage-first heap   total 157696K, used 118670K [0x0000000700000000, 0x0000000800000000)
  region size 1024K, 78 young (79872K), 5 survivors (5120K)
 Metaspace       used 61754K, capacity 63345K, committed 63536K, reserved 1103872K
  class space    used 7644K, capacity 8195K, committed 8320K, reserved 1048576K
}
Event: 27.578 GC heap after
{Heap after GC invocations=17 (full 0):
 garbage-first heap   total 157696K, used 45680K [0x0000000700000000, 0x0000000800000000)
  region size 1024K, 6 young (6144K), 6 survivors (6144K)
 Metaspace       used 61754K, capacity 63345K, committed 63536K, reserved 1103872K
  class space    used 7644K, capacity 8195K, committed 8320K, reserved 1048576K
}
Event: 32.907 GC heap before
{Heap before GC invocations=17 (full 0):
 garbage-first heap   total 157696K, used 121456K [0x0000000700000000, 0x0000000800000000)
  region size 1024K, 80 young (81920K), 6 survivors (6144K)
 Metaspace       used 67567K, capacity 69444K, committed 69680K, reserved 1110016K
  class space    used 8344K, capacity 9010K, committed 9088K, reserved 1048576K
}
Event: 32.922 GC heap after
{Heap after GC invocations=18 (full 0):
 garbage-first heap   total 157696K, used 49513K [0x0000000700000000, 0x0000000800000000)
  region size 1024K, 7 young (7168K), 7 survivors (7168K)
 Metaspace       used 67567K, capacity 69444K, committed 69680K, reserved 1110016K
  class space    used 8344K, capacity 9010K, committed 9088K, reserved 1048576K
}
Event: 34.477 GC heap before
{Heap before GC invocations=18 (full 0):
 garbage-first heap   total 157696K, used 126313K [0x0000000700000000, 0x0000000800000000)
  region size 1024K, 80 young (81920K), 7 survivors (7168K)
 Metaspace       used 68536K, capacity 70549K, committed 70832K, reserved 1112064K
  class space    used 8394K, capacity 9113K, committed 9216K, reserved 1048576K
}
Event: 34.487 GC heap after
{Heap after GC invocations=19 (full 0):
 garbage-first heap   total 157696K, used 59937K [0x0000000700000000, 0x0000000800000000)
  region size 1024K, 10 young (10240K), 10 survivors (10240K)
 Metaspace       used 68536K, capacity 70549K, committed 70832K, reserved 1112064K
  class space    used 8394K, capacity 9113K, committed 9216K, reserved 1048576K
}
Event: 62.576 GC heap before
{Heap before GC invocations=19 (full 0):
 garbage-first heap   total 157696K, used 124449K [0x0000000700000000, 0x0000000800000000)
  region size 1024K, 73 young (74752K), 10 survivors (10240K)
 Metaspace       used 69651K, capacity 71868K, committed 71984K, reserved 1112064K
  class space    used 8546K, capacity 9335K, committed 9344K, reserved 1048576K
}
Event: 62.622 GC heap after
{Heap after GC invocations=20 (full 0):
 garbage-first heap   total 157696K, used 62148K [0x0000000700000000, 0x0000000800000000)
  region size 1024K, 2 young (2048K), 2 survivors (2048K)
 Metaspace       used 69651K, capacity 71868K, committed 71984K, reserved 1112064K
  class space    used 8546K, capacity 9335K, committed 9344K, reserved 1048576K
}
Event: 2451.801 GC heap before
{Heap before GC invocations=20 (full 0):
 garbage-first heap   total 157696K, used 126660K [0x0000000700000000, 0x0000000800000000)
  region size 1024K, 65 young (66560K), 2 survivors (2048K)
 Metaspace       used 69946K, capacity 72193K, committed 72496K, reserved 1112064K
  class space    used 8546K, capacity 9335K, committed 9344K, reserved 1048576K
}
Event: 2451.848 GC heap after
{Heap after GC invocations=21 (full 0):
 garbage-first heap   total 157696K, used 61674K [0x0000000700000000, 0x0000000800000000)
  region size 1024K, 2 young (2048K), 2 survivors (2048K)
 Metaspace       used 69946K, capacity 72193K, committed 72496K, reserved 1112064K
  class space    used 8546K, capacity 9335K, committed 9344K, reserved 1048576K
}
Event: 5061.786 GC heap before
{Heap before GC invocations=21 (full 0):
 garbage-first heap   total 157696K, used 127210K [0x0000000700000000, 0x0000000800000000)
  region size 1024K, 66 young (67584K), 2 survivors (2048K)
 Metaspace       used 69970K, capacity 72257K, committed 72496K, reserved 1112064K
  class space    used 8547K, capacity 9335K, committed 9344K, reserved 1048576K
}
Event: 5061.825 GC heap after
{Heap after GC invocations=22 (full 0):
 garbage-first heap   total 157696K, used 61627K [0x0000000700000000, 0x0000000800000000)
  region size 1024K, 2 young (2048K), 2 survivors (2048K)
 Metaspace       used 69970K, capacity 72257K, committed 72496K, reserved 1112064K
  class space    used 8547K, capacity 9335K, committed 9344K, reserved 1048576K
}
Event: 7502.555 GC heap before
{Heap before GC invocations=22 (full 0):
 garbage-first heap   total 157696K, used 127163K [0x0000000700000000, 0x0000000800000000)
  region size 1024K, 67 young (68608K), 2 survivors (2048K)
 Metaspace       used 70179K, capacity 72489K, committed 72624K, reserved 1112064K
  class space    used 8581K, capacity 9394K, committed 9472K, reserved 1048576K
}
Event: 7502.602 GC heap after
{Heap after GC invocations=23 (full 0):
 garbage-first heap   total 157696K, used 62614K [0x0000000700000000, 0x0000000800000000)
  region size 1024K, 3 young (3072K), 3 survivors (3072K)
 Metaspace       used 70179K, capacity 72489K, committed 72624K, reserved 1112064K
  class space    used 8581K, capacity 9394K, committed 9472K, reserved 1048576K
}
Event: 7511.164 GC heap before
{Heap before GC invocations=23 (full 0):
 garbage-first heap   total 157696K, used 128150K [0x0000000700000000, 0x0000000800000000)
  region size 1024K, 68 young (69632K), 3 survivors (3072K)
 Metaspace       used 71150K, capacity 73603K, committed 73776K, reserved 1114112K
  class space    used 8641K, capacity 9491K, committed 9600K, reserved 1048576K
}
Event: 7511.202 GC heap after
{Heap after GC invocations=24 (full 0):
 garbage-first heap   total 157696K, used 66072K [0x0000000700000000, 0x0000000800000000)
  region size 1024K, 6 young (6144K), 6 survivors (6144K)
 Metaspace       used 71150K, capacity 73603K, committed 73776K, reserved 1114112K
  class space    used 8641K, capacity 9491K, committed 9600K, reserved 1048576K
}

